<?xml version="1.0" encoding="UTF-8"?>
<testsuite name="cs3500.pa03.view.ViewTest" tests="6" skipped="0" failures="0" errors="0" timestamp="2023-06-13T15:58:59" hostname="Mias-MacBook-Pro.local" time="0.004">
  <properties/>
  <testcase name="testException()" classname="cs3500.pa03.view.ViewTest" time="0.001"/>
  <testcase name="displayMessage()" classname="cs3500.pa03.view.ViewTest" time="0.001"/>
  <testcase name="displayBoardNoShips()" classname="cs3500.pa03.view.ViewTest" time="0.0"/>
  <testcase name="getInt()" classname="cs3500.pa03.view.ViewTest" time="0.001"/>
  <testcase name="putSeparator()" classname="cs3500.pa03.view.ViewTest" time="0.0"/>
  <testcase name="displayBoardShips()" classname="cs3500.pa03.view.ViewTest" time="0.0"/>
  <system-out><![CDATA[]]></system-out>
  <system-err><![CDATA[]]></system-err>
</testsuite>
