<?xml version="1.0" encoding="UTF-8"?>
<testsuite name="cs3500.pa03.controller.ManualPlayerControllerTest" tests="4" skipped="0" failures="0" errors="0" timestamp="2023-06-13T15:58:59" hostname="Mias-MacBook-Pro.local" time="0.003">
  <properties/>
  <testcase name="gameResultDraw()" classname="cs3500.pa03.controller.ManualPlayerControllerTest" time="0.0"/>
  <testcase name="gameResultLoss()" classname="cs3500.pa03.controller.ManualPlayerControllerTest" time="0.0"/>
  <testcase name="gameResultWin()" classname="cs3500.pa03.controller.ManualPlayerControllerTest" time="0.0"/>
  <testcase name="getShots()" classname="cs3500.pa03.controller.ManualPlayerControllerTest" time="0.001"/>
  <system-out><![CDATA[]]></system-out>
  <system-err><![CDATA[]]></system-err>
</testsuite>
