<?xml version="1.0" encoding="UTF-8"?>
<testsuite name="cs3500.pa04.json.FleetSpecJsonTest" tests="2" skipped="0" failures="0" errors="0" timestamp="2023-06-13T15:58:59" hostname="Mias-MacBook-Pro.local" time="0.001">
  <properties/>
  <testcase name="getFieldsTest()" classname="cs3500.pa04.json.FleetSpecJsonTest" time="0.0"/>
  <testcase name="getSpecs()" classname="cs3500.pa04.json.FleetSpecJsonTest" time="0.001"/>
  <system-out><![CDATA[]]></system-out>
  <system-err><![CDATA[]]></system-err>
</testsuite>
