<?xml version="1.0" encoding="UTF-8"?>
<testsuite name="cs3500.pa03.model.MyBoardTest" tests="5" skipped="0" failures="0" errors="0" timestamp="2023-06-13T15:58:59" hostname="Mias-MacBook-Pro.local" time="0.002">
  <properties/>
  <testcase name="showBoard()" classname="cs3500.pa03.model.MyBoardTest" time="0.0"/>
  <testcase name="takeDamage()" classname="cs3500.pa03.model.MyBoardTest" time="0.001"/>
  <testcase name="onBoard()" classname="cs3500.pa03.model.MyBoardTest" time="0.0"/>
  <testcase name="reportDamage()" classname="cs3500.pa03.model.MyBoardTest" time="0.0"/>
  <testcase name="generateBoard()" classname="cs3500.pa03.model.MyBoardTest" time="0.0"/>
  <system-out><![CDATA[]]></system-out>
  <system-err><![CDATA[]]></system-err>
</testsuite>
